# JRE version: OpenJDK Runtime Environment (8.0_152-b01) (build 1.8.0_152-release-1343-b01)
# Java VM: OpenJDK 64-Bit Server VM (25.152-b01 mixed mode windows-amd64 compressed oops)
Heap:
 PSYoungGen      total 139264K, used 96312K [0x00000000e0000000, 0x00000000e9900000, 0x0000000100000000)
  eden space 126976K, 68% used [0x00000000e0000000,0x00000000e558ef70,0x00000000e7c00000)
  from space 12288K, 70% used [0x00000000e8d00000,0x00000000e957f3d0,0x00000000e9900000)
  to   space 14848K, 0% used [0x00000000e7c00000,0x00000000e7c00000,0x00000000e8a80000)
 ParOldGen       total 144896K, used 30686K [0x00000000a0000000, 0x00000000a8d80000, 0x00000000e0000000)
  object space 144896K, 21% used [0x00000000a0000000,0x00000000a1df7a58,0x00000000a8d80000)
 Metaspace       used 69659K, capacity 71388K, committed 71720K, reserved 1112064K
  class space    used 9241K, capacity 9702K, committed 9776K, reserved 1048576K
GC Heap History (10 events):
Event: 16.759 GC heap before
{Heap before GC invocations=15 (full 2):
 PSYoungGen      total 100352K, used 97544K [0x00000000e0000000, 0x00000000e6f00000, 0x0000000100000000)
  eden space 90112K, 100% used [0x00000000e0000000,0x00000000e5800000,0x00000000e5800000)
  from space 10240K, 72% used [0x00000000e6500000,0x00000000e6c42328,0x00000000e6f00000)
  to   space 11776K, 0% used [0x00000000e5800000,0x00000000e5800000,0x00000000e6380000)
 ParOldGen       total 96768K, used 22594K [0x00000000a0000000, 0x00000000a5e80000, 0x00000000e0000000)
  object space 96768K, 23% used [0x00000000a0000000,0x00000000a1610af8,0x00000000a5e80000)
 Metaspace       used 55352K, capacity 56680K, committed 56872K, reserved 1097728K
  class space    used 7475K, capacity 7895K, committed 7984K, reserved 1048576K
Event: 16.783 GC heap after
Heap after GC invocations=15 (full 2):
 PSYoungGen      total 101888K, used 11753K [0x00000000e0000000, 0x00000000e8780000, 0x0000000100000000)
  eden space 90112K, 0% used [0x00000000e0000000,0x00000000e0000000,0x00000000e5800000)
  from space 11776K, 99% used [0x00000000e5800000,0x00000000e637a510,0x00000000e6380000)
  to   space 13824K, 0% used [0x00000000e7a00000,0x00000000e7a00000,0x00000000e8780000)
 ParOldGen       total 96768K, used 24204K [0x00000000a0000000, 0x00000000a5e80000, 0x00000000e0000000)
  object space 96768K, 25% used [0x00000000a0000000,0x00000000a17a31d0,0x00000000a5e80000)
 Metaspace       used 55352K, capacity 56680K, committed 56872K, reserved 1097728K
  class space    used 7475K, capacity 7895K, committed 7984K, reserved 1048576K
}
Event: 17.652 GC heap before
{Heap before GC invocations=16 (full 2):
 PSYoungGen      total 101888K, used 46564K [0x00000000e0000000, 0x00000000e8780000, 0x0000000100000000)
  eden space 90112K, 38% used [0x00000000e0000000,0x00000000e21fec10,0x00000000e5800000)
  from space 11776K, 99% used [0x00000000e5800000,0x00000000e637a510,0x00000000e6380000)
  to   space 13824K, 0% used [0x00000000e7a00000,0x00000000e7a00000,0x00000000e8780000)
 ParOldGen       total 96768K, used 24204K [0x00000000a0000000, 0x00000000a5e80000, 0x00000000e0000000)
  object space 96768K, 25% used [0x00000000a0000000,0x00000000a17a31d0,0x00000000a5e80000)
 Metaspace       used 57669K, capacity 59134K, committed 59160K, reserved 1099776K
  class space    used 7818K, capacity 8238K, committed 8240K, reserved 1048576K
Event: 17.669 GC heap after
Heap after GC invocations=16 (full 2):
 PSYoungGen      total 124928K, used 3840K [0x00000000e0000000, 0x00000000e8880000, 0x0000000100000000)
  eden space 111104K, 0% used [0x00000000e0000000,0x00000000e0000000,0x00000000e6c80000)
  from space 13824K, 27% used [0x00000000e7a00000,0x00000000e7dc0318,0x00000000e8780000)
  to   space 13824K, 0% used [0x00000000e6c80000,0x00000000e6c80000,0x00000000e7a00000)
 ParOldGen       total 96768K, used 30945K [0x00000000a0000000, 0x00000000a5e80000, 0x00000000e0000000)
  object space 96768K, 31% used [0x00000000a0000000,0x00000000a1e38428,0x00000000a5e80000)
 Metaspace       used 57669K, capacity 59134K, committed 59160K, reserved 1099776K
  class space    used 7818K, capacity 8238K, committed 8240K, reserved 1048576K
}
Event: 17.669 GC heap before
{Heap before GC invocations=17 (full 3):
 PSYoungGen      total 124928K, used 3840K [0x00000000e0000000, 0x00000000e8880000, 0x0000000100000000)
  eden space 111104K, 0% used [0x00000000e0000000,0x00000000e0000000,0x00000000e6c80000)
  from space 13824K, 27% used [0x00000000e7a00000,0x00000000e7dc0318,0x00000000e8780000)
  to   space 13824K, 0% used [0x00000000e6c80000,0x00000000e6c80000,0x00000000e7a00000)
 ParOldGen       total 96768K, used 30945K [0x00000000a0000000, 0x00000000a5e80000, 0x00000000e0000000)
  object space 96768K, 31% used [0x00000000a0000000,0x00000000a1e38428,0x00000000a5e80000)
 Metaspace       used 57669K, capacity 59134K, committed 59160K, reserved 1099776K
  class space    used 7818K, capacity 8238K, committed 8240K, reserved 1048576K
Event: 18.046 GC heap after
Heap after GC invocations=17 (full 3):
 PSYoungGen      total 124928K, used 0K [0x00000000e0000000, 0x00000000e8880000, 0x0000000100000000)
  eden space 111104K, 0% used [0x00000000e0000000,0x00000000e0000000,0x00000000e6c80000)
  from space 13824K, 0% used [0x00000000e7a00000,0x00000000e7a00000,0x00000000e8780000)
  to   space 13824K, 0% used [0x00000000e6c80000,0x00000000e6c80000,0x00000000e7a00000)
 ParOldGen       total 144896K, used 30670K [0x00000000a0000000, 0x00000000a8d80000, 0x00000000e0000000)
  object space 144896K, 21% used [0x00000000a0000000,0x00000000a1df3a58,0x00000000a8d80000)
 Metaspace       used 57669K, capacity 59134K, committed 59160K, reserved 1099776K
  class space    used 7818K, capacity 8238K, committed 8240K, reserved 1048576K
}
Event: 24.212 GC heap before
{Heap before GC invocations=18 (full 3):
 PSYoungGen      total 124928K, used 111104K [0x00000000e0000000, 0x00000000e8880000, 0x0000000100000000)
  eden space 111104K, 100% used [0x00000000e0000000,0x00000000e6c80000,0x00000000e6c80000)
  from space 13824K, 0% used [0x00000000e7a00000,0x00000000e7a00000,0x00000000e8780000)
  to   space 13824K, 0% used [0x00000000e6c80000,0x00000000e6c80000,0x00000000e7a00000)
 ParOldGen       total 144896K, used 30670K [0x00000000a0000000, 0x00000000a8d80000, 0x00000000e0000000)
  object space 144896K, 21% used [0x00000000a0000000,0x00000000a1df3a58,0x00000000a8d80000)
 Metaspace       used 61226K, capacity 62822K, committed 63016K, reserved 1103872K
  class space    used 8249K, capacity 8682K, committed 8752K, reserved 1048576K
Event: 24.243 GC heap after
Heap after GC invocations=18 (full 3):
 PSYoungGen      total 124928K, used 13627K [0x00000000e0000000, 0x00000000e9c00000, 0x0000000100000000)
  eden space 111104K, 0% used [0x00000000e0000000,0x00000000e0000000,0x00000000e6c80000)
  from space 13824K, 98% used [0x00000000e6c80000,0x00000000e79ced70,0x00000000e7a00000)
  to   space 15360K, 0% used [0x00000000e8d00000,0x00000000e8d00000,0x00000000e9c00000)
 ParOldGen       total 144896K, used 30678K [0x00000000a0000000, 0x00000000a8d80000, 0x00000000e0000000)
  object space 144896K, 21% used [0x00000000a0000000,0x00000000a1df5a58,0x00000000a8d80000)
 Metaspace       used 61226K, capacity 62822K, committed 63016K, reserved 1103872K
  class space    used 8249K, capacity 8682K, committed 8752K, reserved 1048576K
}
Event: 31.622 GC heap before
{Heap before GC invocations=19 (full 3):
 PSYoungGen      total 124928K, used 124731K [0x00000000e0000000, 0x00000000e9c00000, 0x0000000100000000)
  eden space 111104K, 100% used [0x00000000e0000000,0x00000000e6c80000,0x00000000e6c80000)
  from space 13824K, 98% used [0x00000000e6c80000,0x00000000e79ced70,0x00000000e7a00000)
  to   space 15360K, 0% used [0x00000000e8d00000,0x00000000e8d00000,0x00000000e9c00000)
 ParOldGen       total 144896K, used 30678K [0x00000000a0000000, 0x00000000a8d80000, 0x00000000e0000000)
  object space 144896K, 21% used [0x00000000a0000000,0x00000000a1df5a58,0x00000000a8d80000)
 Metaspace       used 65101K, capacity 66758K, committed 66984K, reserved 1107968K
  class space    used 8631K, capacity 9076K, committed 9136K, reserved 1048576K
Event: 31.656 GC heap after
Heap after GC invocations=19 (full 3):
 PSYoungGen      total 139264K, used 8700K [0x00000000e0000000, 0x00000000e9900000, 0x0000000100000000)
  eden space 126976K, 0% used [0x00000000e0000000,0x00000000e0000000,0x00000000e7c00000)
  from space 12288K, 70% used [0x00000000e8d00000,0x00000000e957f3d0,0x00000000e9900000)
  to   space 14848K, 0% used [0x00000000e7c00000,0x00000000e7c00000,0x00000000e8a80000)
 ParOldGen       total 144896K, used 30686K [0x00000000a0000000, 0x00000000a8d80000, 0x00000000e0000000)
  object space 144896K, 21% used [0x00000000a0000000,0x00000000a1df7a58,0x00000000a8d80000)
 Metaspace       used 65101K, capacity 66758K, committed 66984K, reserved 1107968K
  class space    used 8631K, capacity 9076K, committed 9136K, reserved 1048576K
}

